<?xml version="1.0" encoding="UTF-8"?>
<testng-results ignored="0" total="1" passed="1" failed="0" skipped="0">
  <reporter-output>
  </reporter-output>
  <suite started-at="2023-02-05T21:26:45 PST" name="Suite" finished-at="2023-02-05T21:27:05 PST" duration-ms="19837">
    <groups>
    </groups>
    <test started-at="2023-02-05T21:26:45 PST" name="Test" finished-at="2023-02-05T21:27:05 PST" duration-ms="19837">
      <class name="automation.LoginPage">
        <test-method signature="login()[pri:0, instance:automation.LoginPage@290222c1]" started-at="2023-02-05T21:26:45 PST" name="login" finished-at="2023-02-05T21:27:05 PST" duration-ms="19756" status="PASS">
          <reporter-output>
          </reporter-output>
        </test-method> <!-- login -->
      </class> <!-- automation.LoginPage -->
    </test> <!-- Test -->
  </suite> <!-- Suite -->
</testng-results>
